# JRE version: OpenJDK Runtime Environment Temurin-17.0.13+11 (17.0.13+11) (build 17.0.13+11)
# Java VM: OpenJDK 64-Bit Server VM Temurin-17.0.13+11 (17.0.13+11, mixed mode, tiered, compressed oops, compressed class ptrs, parallel gc, windows-amd64)
GC Precious Log:
 CPUs: 12 total, 12 available
 Memory: 16022M
 Large Page Support: Disabled
 NUMA Support: Disabled
 Compressed Oops: Enabled (32-bit)
 Alignments: Space 512K, Generation 512K, Heap 2M
 Heap Min Capacity: 100M
 Heap Initial Capacity: 100M
 Heap Max Capacity: 1G
 Pre-touch: Disabled
 Parallel Workers: 10
Heap:
 PSYoungGen      total 20992K, used 19682K [0x00000000eab00000, 0x00000000ec280000, 0x0000000100000000)
  eden space 20480K, 94% used [0x00000000eab00000,0x00000000ebde7e28,0x00000000ebf00000)
  from space 512K, 63% used [0x00000000ec200000,0x00000000ec250ad8,0x00000000ec280000)
  to   space 1536K, 0% used [0x00000000ebf80000,0x00000000ebf80000,0x00000000ec100000)
 ParOldGen       total 68608K, used 30513K [0x00000000c0000000, 0x00000000c4300000, 0x00000000eab00000)
  object space 68608K, 44% used [0x00000000c0000000,0x00000000c1dcc6c8,0x00000000c4300000)
 Metaspace       used 47724K, committed 48640K, reserved 1114112K
  class space    used 4839K, committed 5312K, reserved 1048576K
GC Heap History (20 events):
Event: 3.662 GC heap before
{Heap before GC invocations=13 (full 2):
 PSYoungGen      total 25088K, used 25043K [0x00000000eab00000, 0x00000000ec780000, 0x0000000100000000)
  eden space 23040K, 100% used [0x00000000eab00000,0x00000000ec180000,0x00000000ec180000)
  from space 2048K, 97% used [0x00000000ec580000,0x00000000ec774eb8,0x00000000ec780000)
  to   space 2560K, 0% used [0x00000000ec280000,0x00000000ec280000,0x00000000ec500000)
 ParOldGen       total 68608K, used 12360K [0x00000000c0000000, 0x00000000c4300000, 0x00000000eab00000)
  object space 68608K, 18% used [0x00000000c0000000,0x00000000c0c120e8,0x00000000c4300000)
 Metaspace       used 38952K, committed 39744K, reserved 1114112K
  class space    used 3975K, committed 4352K, reserved 1048576K
}
Event: 3.664 GC heap after
{Heap after GC invocations=13 (full 2):
 PSYoungGen      total 25088K, used 2417K [0x00000000eab00000, 0x00000000ec600000, 0x0000000100000000)
  eden space 22528K, 0% used [0x00000000eab00000,0x00000000eab00000,0x00000000ec100000)
  from space 2560K, 94% used [0x00000000ec280000,0x00000000ec4dc460,0x00000000ec500000)
  to   space 1024K, 0% used [0x00000000ec500000,0x00000000ec500000,0x00000000ec600000)
 ParOldGen       total 68608K, used 14193K [0x00000000c0000000, 0x00000000c4300000, 0x00000000eab00000)
  object space 68608K, 20% used [0x00000000c0000000,0x00000000c0ddc5f8,0x00000000c4300000)
 Metaspace       used 38952K, committed 39744K, reserved 1114112K
  class space    used 3975K, committed 4352K, reserved 1048576K
}
Event: 3.729 GC heap before
{Heap before GC invocations=14 (full 2):
 PSYoungGen      total 25088K, used 24945K [0x00000000eab00000, 0x00000000ec600000, 0x0000000100000000)
  eden space 22528K, 100% used [0x00000000eab00000,0x00000000ec100000,0x00000000ec100000)
  from space 2560K, 94% used [0x00000000ec280000,0x00000000ec4dc460,0x00000000ec500000)
  to   space 1024K, 0% used [0x00000000ec500000,0x00000000ec500000,0x00000000ec600000)
 ParOldGen       total 68608K, used 14193K [0x00000000c0000000, 0x00000000c4300000, 0x00000000eab00000)
  object space 68608K, 20% used [0x00000000c0000000,0x00000000c0ddc5f8,0x00000000c4300000)
 Metaspace       used 39141K, committed 40064K, reserved 1114112K
  class space    used 3987K, committed 4416K, reserved 1048576K
}
Event: 3.731 GC heap after
{Heap after GC invocations=14 (full 2):
 PSYoungGen      total 22528K, used 1024K [0x00000000eab00000, 0x00000000eca80000, 0x0000000100000000)
  eden space 21504K, 0% used [0x00000000eab00000,0x00000000eab00000,0x00000000ec000000)
  from space 1024K, 100% used [0x00000000ec500000,0x00000000ec600000,0x00000000ec600000)
  to   space 5120K, 0% used [0x00000000ec000000,0x00000000ec000000,0x00000000ec500000)
 ParOldGen       total 68608K, used 17659K [0x00000000c0000000, 0x00000000c4300000, 0x00000000eab00000)
  object space 68608K, 25% used [0x00000000c0000000,0x00000000c113ee58,0x00000000c4300000)
 Metaspace       used 39141K, committed 40064K, reserved 1114112K
  class space    used 3987K, committed 4416K, reserved 1048576K
}
Event: 3.908 GC heap before
{Heap before GC invocations=15 (full 2):
 PSYoungGen      total 22528K, used 22528K [0x00000000eab00000, 0x00000000eca80000, 0x0000000100000000)
  eden space 21504K, 100% used [0x00000000eab00000,0x00000000ec000000,0x00000000ec000000)
  from space 1024K, 100% used [0x00000000ec500000,0x00000000ec600000,0x00000000ec600000)
  to   space 5120K, 0% used [0x00000000ec000000,0x00000000ec000000,0x00000000ec500000)
 ParOldGen       total 68608K, used 17659K [0x00000000c0000000, 0x00000000c4300000, 0x00000000eab00000)
  object space 68608K, 25% used [0x00000000c0000000,0x00000000c113ee58,0x00000000c4300000)
 Metaspace       used 40490K, committed 41408K, reserved 1114112K
  class space    used 4165K, committed 4544K, reserved 1048576K
}
Event: 3.910 GC heap after
{Heap after GC invocations=15 (full 2):
 PSYoungGen      total 23552K, used 1863K [0x00000000eab00000, 0x00000000ec600000, 0x0000000100000000)
  eden space 21504K, 0% used [0x00000000eab00000,0x00000000eab00000,0x00000000ec000000)
  from space 2048K, 90% used [0x00000000ec000000,0x00000000ec1d1db8,0x00000000ec200000)
  to   space 3072K, 0% used [0x00000000ec300000,0x00000000ec300000,0x00000000ec600000)
 ParOldGen       total 68608K, used 18713K [0x00000000c0000000, 0x00000000c4300000, 0x00000000eab00000)
  object space 68608K, 27% used [0x00000000c0000000,0x00000000c12466d8,0x00000000c4300000)
 Metaspace       used 40490K, committed 41408K, reserved 1114112K
  class space    used 4165K, committed 4544K, reserved 1048576K
}
Event: 4.144 GC heap before
{Heap before GC invocations=16 (full 2):
 PSYoungGen      total 23552K, used 23367K [0x00000000eab00000, 0x00000000ec600000, 0x0000000100000000)
  eden space 21504K, 100% used [0x00000000eab00000,0x00000000ec000000,0x00000000ec000000)
  from space 2048K, 90% used [0x00000000ec000000,0x00000000ec1d1db8,0x00000000ec200000)
  to   space 3072K, 0% used [0x00000000ec300000,0x00000000ec300000,0x00000000ec600000)
 ParOldGen       total 68608K, used 18713K [0x00000000c0000000, 0x00000000c4300000, 0x00000000eab00000)
  object space 68608K, 27% used [0x00000000c0000000,0x00000000c12466d8,0x00000000c4300000)
 Metaspace       used 41718K, committed 42688K, reserved 1114112K
  class space    used 4316K, committed 4800K, reserved 1048576K
}
Event: 4.145 GC heap after
{Heap after GC invocations=16 (full 2):
 PSYoungGen      total 22016K, used 512K [0x00000000eab00000, 0x00000000ec380000, 0x0000000100000000)
  eden space 21504K, 0% used [0x00000000eab00000,0x00000000eab00000,0x00000000ec000000)
  from space 512K, 100% used [0x00000000ec300000,0x00000000ec380000,0x00000000ec380000)
  to   space 1536K, 0% used [0x00000000ec080000,0x00000000ec080000,0x00000000ec200000)
 ParOldGen       total 68608K, used 20410K [0x00000000c0000000, 0x00000000c4300000, 0x00000000eab00000)
  object space 68608K, 29% used [0x00000000c0000000,0x00000000c13ee8c0,0x00000000c4300000)
 Metaspace       used 41718K, committed 42688K, reserved 1114112K
  class space    used 4316K, committed 4800K, reserved 1048576K
}
Event: 4.780 GC heap before
{Heap before GC invocations=17 (full 2):
 PSYoungGen      total 22016K, used 21990K [0x00000000eab00000, 0x00000000ec380000, 0x0000000100000000)
  eden space 21504K, 99% used [0x00000000eab00000,0x00000000ebff9a50,0x00000000ec000000)
  from space 512K, 100% used [0x00000000ec300000,0x00000000ec380000,0x00000000ec380000)
  to   space 1536K, 0% used [0x00000000ec080000,0x00000000ec080000,0x00000000ec200000)
 ParOldGen       total 68608K, used 20410K [0x00000000c0000000, 0x00000000c4300000, 0x00000000eab00000)
  object space 68608K, 29% used [0x00000000c0000000,0x00000000c13ee8c0,0x00000000c4300000)
 Metaspace       used 44196K, committed 45184K, reserved 1114112K
  class space    used 4514K, committed 4992K, reserved 1048576K
}
Event: 4.781 GC heap after
{Heap after GC invocations=17 (full 2):
 PSYoungGen      total 23040K, used 639K [0x00000000eab00000, 0x00000000ec380000, 0x0000000100000000)
  eden space 21504K, 0% used [0x00000000eab00000,0x00000000eab00000,0x00000000ec000000)
  from space 1536K, 41% used [0x00000000ec080000,0x00000000ec11fdc8,0x00000000ec200000)
  to   space 1024K, 0% used [0x00000000ec280000,0x00000000ec280000,0x00000000ec380000)
 ParOldGen       total 68608K, used 20698K [0x00000000c0000000, 0x00000000c4300000, 0x00000000eab00000)
  object space 68608K, 30% used [0x00000000c0000000,0x00000000c14368c0,0x00000000c4300000)
 Metaspace       used 44196K, committed 45184K, reserved 1114112K
  class space    used 4514K, committed 4992K, reserved 1048576K
}
Event: 4.865 GC heap before
{Heap before GC invocations=18 (full 2):
 PSYoungGen      total 23040K, used 22143K [0x00000000eab00000, 0x00000000ec380000, 0x0000000100000000)
  eden space 21504K, 100% used [0x00000000eab00000,0x00000000ec000000,0x00000000ec000000)
  from space 1536K, 41% used [0x00000000ec080000,0x00000000ec11fdc8,0x00000000ec200000)
  to   space 1024K, 0% used [0x00000000ec280000,0x00000000ec280000,0x00000000ec380000)
 ParOldGen       total 68608K, used 20698K [0x00000000c0000000, 0x00000000c4300000, 0x00000000eab00000)
  object space 68608K, 30% used [0x00000000c0000000,0x00000000c14368c0,0x00000000c4300000)
 Metaspace       used 44586K, committed 45568K, reserved 1114112K
  class space    used 4545K, committed 5056K, reserved 1048576K
}
Event: 4.868 GC heap after
{Heap after GC invocations=18 (full 2):
 PSYoungGen      total 21504K, used 1024K [0x00000000eab00000, 0x00000000ec700000, 0x0000000100000000)
  eden space 20480K, 0% used [0x00000000eab00000,0x00000000eab00000,0x00000000ebf00000)
  from space 1024K, 100% used [0x00000000ec280000,0x00000000ec380000,0x00000000ec380000)
  to   space 3584K, 0% used [0x00000000ebf00000,0x00000000ebf00000,0x00000000ec280000)
 ParOldGen       total 68608K, used 22417K [0x00000000c0000000, 0x00000000c4300000, 0x00000000eab00000)
  object space 68608K, 32% used [0x00000000c0000000,0x00000000c15e45f0,0x00000000c4300000)
 Metaspace       used 44586K, committed 45568K, reserved 1114112K
  class space    used 4545K, committed 5056K, reserved 1048576K
}
Event: 4.918 GC heap before
{Heap before GC invocations=19 (full 2):
 PSYoungGen      total 21504K, used 21504K [0x00000000eab00000, 0x00000000ec700000, 0x0000000100000000)
  eden space 20480K, 100% used [0x00000000eab00000,0x00000000ebf00000,0x00000000ebf00000)
  from space 1024K, 100% used [0x00000000ec280000,0x00000000ec380000,0x00000000ec380000)
  to   space 3584K, 0% used [0x00000000ebf00000,0x00000000ebf00000,0x00000000ec280000)
 ParOldGen       total 68608K, used 22417K [0x00000000c0000000, 0x00000000c4300000, 0x00000000eab00000)
  object space 68608K, 32% used [0x00000000c0000000,0x00000000c15e45f0,0x00000000c4300000)
 Metaspace       used 44588K, committed 45568K, reserved 1114112K
  class space    used 4545K, committed 5056K, reserved 1048576K
}
Event: 4.926 GC heap after
{Heap after GC invocations=19 (full 2):
 PSYoungGen      total 23552K, used 2660K [0x00000000eab00000, 0x00000000ec500000, 0x0000000100000000)
  eden space 20480K, 0% used [0x00000000eab00000,0x00000000eab00000,0x00000000ebf00000)
  from space 3072K, 86% used [0x00000000ebf00000,0x00000000ec199000,0x00000000ec200000)
  to   space 3072K, 0% used [0x00000000ec200000,0x00000000ec200000,0x00000000ec500000)
 ParOldGen       total 68608K, used 23484K [0x00000000c0000000, 0x00000000c4300000, 0x00000000eab00000)
  object space 68608K, 34% used [0x00000000c0000000,0x00000000c16ef280,0x00000000c4300000)
 Metaspace       used 44588K, committed 45568K, reserved 1114112K
  class space    used 4545K, committed 5056K, reserved 1048576K
}
Event: 4.987 GC heap before
{Heap before GC invocations=20 (full 2):
 PSYoungGen      total 23552K, used 23140K [0x00000000eab00000, 0x00000000ec500000, 0x0000000100000000)
  eden space 20480K, 100% used [0x00000000eab00000,0x00000000ebf00000,0x00000000ebf00000)
  from space 3072K, 86% used [0x00000000ebf00000,0x00000000ec199000,0x00000000ec200000)
  to   space 3072K, 0% used [0x00000000ec200000,0x00000000ec200000,0x00000000ec500000)
 ParOldGen       total 68608K, used 23484K [0x00000000c0000000, 0x00000000c4300000, 0x00000000eab00000)
  object space 68608K, 34% used [0x00000000c0000000,0x00000000c16ef280,0x00000000c4300000)
 Metaspace       used 44667K, committed 45696K, reserved 1114112K
  class space    used 4549K, committed 5056K, reserved 1048576K
}
Event: 4.993 GC heap after
{Heap after GC invocations=20 (full 2):
 PSYoungGen      total 23552K, used 2496K [0x00000000eab00000, 0x00000000ec500000, 0x0000000100000000)
  eden space 20480K, 0% used [0x00000000eab00000,0x00000000eab00000,0x00000000ebf00000)
  from space 3072K, 81% used [0x00000000ec200000,0x00000000ec470010,0x00000000ec500000)
  to   space 3072K, 0% used [0x00000000ebf00000,0x00000000ebf00000,0x00000000ec200000)
 ParOldGen       total 68608K, used 25960K [0x00000000c0000000, 0x00000000c4300000, 0x00000000eab00000)
  object space 68608K, 37% used [0x00000000c0000000,0x00000000c195a280,0x00000000c4300000)
 Metaspace       used 44667K, committed 45696K, reserved 1114112K
  class space    used 4549K, committed 5056K, reserved 1048576K
}
Event: 5.266 GC heap before
{Heap before GC invocations=21 (full 2):
 PSYoungGen      total 23552K, used 22971K [0x00000000eab00000, 0x00000000ec500000, 0x0000000100000000)
  eden space 20480K, 99% used [0x00000000eab00000,0x00000000ebefed48,0x00000000ebf00000)
  from space 3072K, 81% used [0x00000000ec200000,0x00000000ec470010,0x00000000ec500000)
  to   space 3072K, 0% used [0x00000000ebf00000,0x00000000ebf00000,0x00000000ec200000)
 ParOldGen       total 68608K, used 25960K [0x00000000c0000000, 0x00000000c4300000, 0x00000000eab00000)
  object space 68608K, 37% used [0x00000000c0000000,0x00000000c195a280,0x00000000c4300000)
 Metaspace       used 46215K, committed 47168K, reserved 1114112K
  class space    used 4711K, committed 5184K, reserved 1048576K
}
Event: 5.269 GC heap after
{Heap after GC invocations=21 (full 2):
 PSYoungGen      total 23552K, used 2623K [0x00000000eab00000, 0x00000000ec500000, 0x0000000100000000)
  eden space 20480K, 0% used [0x00000000eab00000,0x00000000eab00000,0x00000000ebf00000)
  from space 3072K, 85% used [0x00000000ebf00000,0x00000000ec18feb0,0x00000000ec200000)
  to   space 3072K, 0% used [0x00000000ec200000,0x00000000ec200000,0x00000000ec500000)
 ParOldGen       total 68608K, used 28256K [0x00000000c0000000, 0x00000000c4300000, 0x00000000eab00000)
  object space 68608K, 41% used [0x00000000c0000000,0x00000000c1b98290,0x00000000c4300000)
 Metaspace       used 46215K, committed 47168K, reserved 1114112K
  class space    used 4711K, committed 5184K, reserved 1048576K
}
Event: 5.332 GC heap before
{Heap before GC invocations=22 (full 2):
 PSYoungGen      total 23552K, used 23103K [0x00000000eab00000, 0x00000000ec500000, 0x0000000100000000)
  eden space 20480K, 100% used [0x00000000eab00000,0x00000000ebf00000,0x00000000ebf00000)
  from space 3072K, 85% used [0x00000000ebf00000,0x00000000ec18feb0,0x00000000ec200000)
  to   space 3072K, 0% used [0x00000000ec200000,0x00000000ec200000,0x00000000ec500000)
 ParOldGen       total 68608K, used 28256K [0x00000000c0000000, 0x00000000c4300000, 0x00000000eab00000)
  object space 68608K, 41% used [0x00000000c0000000,0x00000000c1b98290,0x00000000c4300000)
 Metaspace       used 46242K, committed 47232K, reserved 1114112K
  class space    used 4711K, committed 5184K, reserved 1048576K
}
Event: 5.335 GC heap after
{Heap after GC invocations=22 (full 2):
 PSYoungGen      total 20992K, used 322K [0x00000000eab00000, 0x00000000ec280000, 0x0000000100000000)
  eden space 20480K, 0% used [0x00000000eab00000,0x00000000eab00000,0x00000000ebf00000)
  from space 512K, 63% used [0x00000000ec200000,0x00000000ec250ad8,0x00000000ec280000)
  to   space 1536K, 0% used [0x00000000ebf80000,0x00000000ebf80000,0x00000000ec100000)
 ParOldGen       total 68608K, used 30513K [0x00000000c0000000, 0x00000000c4300000, 0x00000000eab00000)
  object space 68608K, 44% used [0x00000000c0000000,0x00000000c1dcc6c8,0x00000000c4300000)
 Metaspace       used 46242K, committed 47232K, reserved 1114112K
  class space    used 4711K, committed 5184K, reserved 1048576K
}

