# JRE version: OpenJDK Runtime Environment Temurin-17.0.13+11 (17.0.13+11) (build 17.0.13+11)
# Java VM: OpenJDK 64-Bit Server VM Temurin-17.0.13+11 (17.0.13+11, mixed mode, tiered, compressed oops, compressed class ptrs, parallel gc, windows-amd64)
GC Precious Log:
 CPUs: 12 total, 12 available
 Memory: 16022M
 Large Page Support: Disabled
 NUMA Support: Disabled
 Compressed Oops: Enabled (32-bit)
 Alignments: Space 512K, Generation 512K, Heap 2M
 Heap Min Capacity: 100M
 Heap Initial Capacity: 100M
 Heap Max Capacity: 1G
 Pre-touch: Disabled
 Parallel Workers: 10
Heap:
 PSYoungGen      total 22528K, used 21533K [0x00000000eab00000, 0x00000000ed180000, 0x0000000100000000)
  eden space 14336K, 93% used [0x00000000eab00000,0x00000000eb807800,0x00000000eb900000)
  from space 8192K, 99% used [0x00000000ec480000,0x00000000ecc7fda0,0x00000000ecc80000)
  to   space 11776K, 0% used [0x00000000eb900000,0x00000000eb900000,0x00000000ec480000)
 ParOldGen       total 284672K, used 268783K [0x00000000c0000000, 0x00000000d1600000, 0x00000000eab00000)
  object space 284672K, 94% used [0x00000000c0000000,0x00000000d067bca0,0x00000000d1600000)
 Metaspace       used 82393K, committed 83904K, reserved 1179648K
  class space    used 8975K, committed 9664K, reserved 1048576K
GC Heap History (20 events):
Event: 30.367 GC heap before
{Heap before GC invocations=354 (full 14):
 PSYoungGen      total 15872K, used 15863K [0x00000000eab00000, 0x00000000ec280000, 0x0000000100000000)
  eden space 12288K, 100% used [0x00000000eab00000,0x00000000eb700000,0x00000000eb700000)
  from space 3584K, 99% used [0x00000000ebc00000,0x00000000ebf7ded0,0x00000000ebf80000)
  to   space 5120K, 0% used [0x00000000eb700000,0x00000000eb700000,0x00000000ebc00000)
 ParOldGen       total 284672K, used 253578K [0x00000000c0000000, 0x00000000d1600000, 0x00000000eab00000)
  object space 284672K, 89% used [0x00000000c0000000,0x00000000cf7a2b58,0x00000000d1600000)
 Metaspace       used 77433K, committed 78784K, reserved 1179648K
  class space    used 8274K, committed 8896K, reserved 1048576K
}
Event: 30.370 GC heap after
{Heap after GC invocations=354 (full 14):
 PSYoungGen      total 17408K, used 4524K [0x00000000eab00000, 0x00000000ec100000, 0x0000000100000000)
  eden space 12288K, 0% used [0x00000000eab00000,0x00000000eab00000,0x00000000eb700000)
  from space 5120K, 88% used [0x00000000eb700000,0x00000000ebb6b2d0,0x00000000ebc00000)
  to   space 4608K, 0% used [0x00000000ebc80000,0x00000000ebc80000,0x00000000ec100000)
 ParOldGen       total 284672K, used 254602K [0x00000000c0000000, 0x00000000d1600000, 0x00000000eab00000)
  object space 284672K, 89% used [0x00000000c0000000,0x00000000cf8a2b58,0x00000000d1600000)
 Metaspace       used 77433K, committed 78784K, reserved 1179648K
  class space    used 8274K, committed 8896K, reserved 1048576K
}
Event: 30.455 GC heap before
{Heap before GC invocations=355 (full 14):
 PSYoungGen      total 17408K, used 16812K [0x00000000eab00000, 0x00000000ec100000, 0x0000000100000000)
  eden space 12288K, 100% used [0x00000000eab00000,0x00000000eb700000,0x00000000eb700000)
  from space 5120K, 88% used [0x00000000eb700000,0x00000000ebb6b2d0,0x00000000ebc00000)
  to   space 4608K, 0% used [0x00000000ebc80000,0x00000000ebc80000,0x00000000ec100000)
 ParOldGen       total 284672K, used 254602K [0x00000000c0000000, 0x00000000d1600000, 0x00000000eab00000)
  object space 284672K, 89% used [0x00000000c0000000,0x00000000cf8a2b58,0x00000000d1600000)
 Metaspace       used 77457K, committed 78848K, reserved 1179648K
  class space    used 8276K, committed 8896K, reserved 1048576K
}
Event: 30.457 GC heap after
{Heap after GC invocations=355 (full 14):
 PSYoungGen      total 16896K, used 3443K [0x00000000eab00000, 0x00000000ec000000, 0x0000000100000000)
  eden space 13312K, 0% used [0x00000000eab00000,0x00000000eab00000,0x00000000eb800000)
  from space 3584K, 96% used [0x00000000ebc80000,0x00000000ebfdcca8,0x00000000ec000000)
  to   space 4096K, 0% used [0x00000000eb800000,0x00000000eb800000,0x00000000ebc00000)
 ParOldGen       total 284672K, used 254602K [0x00000000c0000000, 0x00000000d1600000, 0x00000000eab00000)
  object space 284672K, 89% used [0x00000000c0000000,0x00000000cf8a2b58,0x00000000d1600000)
 Metaspace       used 77457K, committed 78848K, reserved 1179648K
  class space    used 8276K, committed 8896K, reserved 1048576K
}
Event: 30.500 GC heap before
{Heap before GC invocations=356 (full 14):
 PSYoungGen      total 16896K, used 16755K [0x00000000eab00000, 0x00000000ec000000, 0x0000000100000000)
  eden space 13312K, 100% used [0x00000000eab00000,0x00000000eb800000,0x00000000eb800000)
  from space 3584K, 96% used [0x00000000ebc80000,0x00000000ebfdcca8,0x00000000ec000000)
  to   space 4096K, 0% used [0x00000000eb800000,0x00000000eb800000,0x00000000ebc00000)
 ParOldGen       total 284672K, used 254602K [0x00000000c0000000, 0x00000000d1600000, 0x00000000eab00000)
  object space 284672K, 89% used [0x00000000c0000000,0x00000000cf8a2b58,0x00000000d1600000)
 Metaspace       used 77468K, committed 78848K, reserved 1179648K
  class space    used 8277K, committed 8896K, reserved 1048576K
}
Event: 30.506 GC heap after
{Heap after GC invocations=356 (full 14):
 PSYoungGen      total 17408K, used 4077K [0x00000000eab00000, 0x00000000ed700000, 0x0000000100000000)
  eden space 13312K, 0% used [0x00000000eab00000,0x00000000eab00000,0x00000000eb800000)
  from space 4096K, 99% used [0x00000000eb800000,0x00000000ebbfb500,0x00000000ebc00000)
  to   space 15360K, 0% used [0x00000000ec800000,0x00000000ec800000,0x00000000ed700000)
 ParOldGen       total 284672K, used 263952K [0x00000000c0000000, 0x00000000d1600000, 0x00000000eab00000)
  object space 284672K, 92% used [0x00000000c0000000,0x00000000d01c4160,0x00000000d1600000)
 Metaspace       used 77468K, committed 78848K, reserved 1179648K
  class space    used 8277K, committed 8896K, reserved 1048576K
}
Event: 30.623 GC heap before
{Heap before GC invocations=357 (full 14):
 PSYoungGen      total 17408K, used 17389K [0x00000000eab00000, 0x00000000ed700000, 0x0000000100000000)
  eden space 13312K, 100% used [0x00000000eab00000,0x00000000eb800000,0x00000000eb800000)
  from space 4096K, 99% used [0x00000000eb800000,0x00000000ebbfb500,0x00000000ebc00000)
  to   space 15360K, 0% used [0x00000000ec800000,0x00000000ec800000,0x00000000ed700000)
 ParOldGen       total 284672K, used 263952K [0x00000000c0000000, 0x00000000d1600000, 0x00000000eab00000)
  object space 284672K, 92% used [0x00000000c0000000,0x00000000d01c4160,0x00000000d1600000)
 Metaspace       used 77515K, committed 78848K, reserved 1179648K
  class space    used 8279K, committed 8896K, reserved 1048576K
}
Event: 30.626 GC heap after
{Heap after GC invocations=357 (full 14):
 PSYoungGen      total 18944K, used 4512K [0x00000000eab00000, 0x00000000ecc80000, 0x0000000100000000)
  eden space 14336K, 0% used [0x00000000eab00000,0x00000000eab00000,0x00000000eb900000)
  from space 4608K, 97% used [0x00000000ec800000,0x00000000ecc68018,0x00000000ecc80000)
  to   space 8192K, 0% used [0x00000000ebc80000,0x00000000ebc80000,0x00000000ec480000)
 ParOldGen       total 284672K, used 264064K [0x00000000c0000000, 0x00000000d1600000, 0x00000000eab00000)
  object space 284672K, 92% used [0x00000000c0000000,0x00000000d01e0160,0x00000000d1600000)
 Metaspace       used 77515K, committed 78848K, reserved 1179648K
  class space    used 8279K, committed 8896K, reserved 1048576K
}
Event: 30.700 GC heap before
{Heap before GC invocations=358 (full 14):
 PSYoungGen      total 18944K, used 18848K [0x00000000eab00000, 0x00000000ecc80000, 0x0000000100000000)
  eden space 14336K, 100% used [0x00000000eab00000,0x00000000eb900000,0x00000000eb900000)
  from space 4608K, 97% used [0x00000000ec800000,0x00000000ecc68018,0x00000000ecc80000)
  to   space 8192K, 0% used [0x00000000ebc80000,0x00000000ebc80000,0x00000000ec480000)
 ParOldGen       total 284672K, used 264064K [0x00000000c0000000, 0x00000000d1600000, 0x00000000eab00000)
  object space 284672K, 92% used [0x00000000c0000000,0x00000000d01e0160,0x00000000d1600000)
 Metaspace       used 77515K, committed 78848K, reserved 1179648K
  class space    used 8279K, committed 8896K, reserved 1048576K
}
Event: 30.704 GC heap after
{Heap after GC invocations=358 (full 14):
 PSYoungGen      total 23552K, used 8160K [0x00000000eab00000, 0x00000000ecd00000, 0x0000000100000000)
  eden space 15360K, 0% used [0x00000000eab00000,0x00000000eab00000,0x00000000eba00000)
  from space 8192K, 99% used [0x00000000ebc80000,0x00000000ec478010,0x00000000ec480000)
  to   space 8704K, 0% used [0x00000000ec480000,0x00000000ec480000,0x00000000ecd00000)
 ParOldGen       total 284672K, used 264696K [0x00000000c0000000, 0x00000000d1600000, 0x00000000eab00000)
  object space 284672K, 92% used [0x00000000c0000000,0x00000000d027e160,0x00000000d1600000)
 Metaspace       used 77515K, committed 78848K, reserved 1179648K
  class space    used 8279K, committed 8896K, reserved 1048576K
}
Event: 30.755 GC heap before
{Heap before GC invocations=359 (full 14):
 PSYoungGen      total 23552K, used 23463K [0x00000000eab00000, 0x00000000ecd00000, 0x0000000100000000)
  eden space 15360K, 99% used [0x00000000eab00000,0x00000000eb9f1fe8,0x00000000eba00000)
  from space 8192K, 99% used [0x00000000ebc80000,0x00000000ec478010,0x00000000ec480000)
  to   space 8704K, 0% used [0x00000000ec480000,0x00000000ec480000,0x00000000ecd00000)
 ParOldGen       total 284672K, used 264696K [0x00000000c0000000, 0x00000000d1600000, 0x00000000eab00000)
  object space 284672K, 92% used [0x00000000c0000000,0x00000000d027e160,0x00000000d1600000)
 Metaspace       used 77985K, committed 79360K, reserved 1179648K
  class space    used 8325K, committed 8960K, reserved 1048576K
}
Event: 30.759 GC heap after
{Heap after GC invocations=359 (full 14):
 PSYoungGen      total 24576K, used 8695K [0x00000000eab00000, 0x00000000ecf00000, 0x0000000100000000)
  eden space 15872K, 0% used [0x00000000eab00000,0x00000000eab00000,0x00000000eba80000)
  from space 8704K, 99% used [0x00000000ec480000,0x00000000eccfdf20,0x00000000ecd00000)
  to   space 10240K, 0% used [0x00000000eba80000,0x00000000eba80000,0x00000000ec480000)
 ParOldGen       total 284672K, used 265647K [0x00000000c0000000, 0x00000000d1600000, 0x00000000eab00000)
  object space 284672K, 93% used [0x00000000c0000000,0x00000000d036bf98,0x00000000d1600000)
 Metaspace       used 77985K, committed 79360K, reserved 1179648K
  class space    used 8325K, committed 8960K, reserved 1048576K
}
Event: 30.980 GC heap before
{Heap before GC invocations=360 (full 14):
 PSYoungGen      total 24576K, used 24506K [0x00000000eab00000, 0x00000000ecf00000, 0x0000000100000000)
  eden space 15872K, 99% used [0x00000000eab00000,0x00000000eba70a28,0x00000000eba80000)
  from space 8704K, 99% used [0x00000000ec480000,0x00000000eccfdf20,0x00000000ecd00000)
  to   space 10240K, 0% used [0x00000000eba80000,0x00000000eba80000,0x00000000ec480000)
 ParOldGen       total 284672K, used 265647K [0x00000000c0000000, 0x00000000d1600000, 0x00000000eab00000)
  object space 284672K, 93% used [0x00000000c0000000,0x00000000d036bf98,0x00000000d1600000)
 Metaspace       used 79132K, committed 80576K, reserved 1179648K
  class space    used 8459K, committed 9088K, reserved 1048576K
}
Event: 30.985 GC heap after
{Heap after GC invocations=360 (full 14):
 PSYoungGen      total 26112K, used 8600K [0x00000000eab00000, 0x00000000ecd80000, 0x0000000100000000)
  eden space 15872K, 0% used [0x00000000eab00000,0x00000000eab00000,0x00000000eba80000)
  from space 10240K, 83% used [0x00000000eba80000,0x00000000ec2e6328,0x00000000ec480000)
  to   space 9216K, 0% used [0x00000000ec480000,0x00000000ec480000,0x00000000ecd80000)
 ParOldGen       total 284672K, used 265783K [0x00000000c0000000, 0x00000000d1600000, 0x00000000eab00000)
  object space 284672K, 93% used [0x00000000c0000000,0x00000000d038df98,0x00000000d1600000)
 Metaspace       used 79132K, committed 80576K, reserved 1179648K
  class space    used 8459K, committed 9088K, reserved 1048576K
}
Event: 31.272 GC heap before
{Heap before GC invocations=361 (full 14):
 PSYoungGen      total 26112K, used 24472K [0x00000000eab00000, 0x00000000ecd80000, 0x0000000100000000)
  eden space 15872K, 100% used [0x00000000eab00000,0x00000000eba80000,0x00000000eba80000)
  from space 10240K, 83% used [0x00000000eba80000,0x00000000ec2e6328,0x00000000ec480000)
  to   space 9216K, 0% used [0x00000000ec480000,0x00000000ec480000,0x00000000ecd80000)
 ParOldGen       total 284672K, used 265783K [0x00000000c0000000, 0x00000000d1600000, 0x00000000eab00000)
  object space 284672K, 93% used [0x00000000c0000000,0x00000000d038df98,0x00000000d1600000)
 Metaspace       used 80886K, committed 82304K, reserved 1179648K
  class space    used 8737K, committed 9344K, reserved 1048576K
}
Event: 31.278 GC heap after
{Heap after GC invocations=361 (full 14):
 PSYoungGen      total 24576K, used 8504K [0x00000000eab00000, 0x00000000ecd00000, 0x0000000100000000)
  eden space 15872K, 0% used [0x00000000eab00000,0x00000000eab00000,0x00000000eba80000)
  from space 8704K, 97% used [0x00000000ec480000,0x00000000eccce3d8,0x00000000ecd00000)
  to   space 8704K, 0% used [0x00000000ebc00000,0x00000000ebc00000,0x00000000ec480000)
 ParOldGen       total 284672K, used 265783K [0x00000000c0000000, 0x00000000d1600000, 0x00000000eab00000)
  object space 284672K, 93% used [0x00000000c0000000,0x00000000d038df98,0x00000000d1600000)
 Metaspace       used 80886K, committed 82304K, reserved 1179648K
  class space    used 8737K, committed 9344K, reserved 1048576K
}
Event: 78.950 GC heap before
{Heap before GC invocations=362 (full 14):
 PSYoungGen      total 24576K, used 24376K [0x00000000eab00000, 0x00000000ecd00000, 0x0000000100000000)
  eden space 15872K, 99% used [0x00000000eab00000,0x00000000eba7ffe8,0x00000000eba80000)
  from space 8704K, 97% used [0x00000000ec480000,0x00000000eccce3d8,0x00000000ecd00000)
  to   space 8704K, 0% used [0x00000000ebc00000,0x00000000ebc00000,0x00000000ec480000)
 ParOldGen       total 284672K, used 265783K [0x00000000c0000000, 0x00000000d1600000, 0x00000000eab00000)
  object space 284672K, 93% used [0x00000000c0000000,0x00000000d038df98,0x00000000d1600000)
 Metaspace       used 82059K, committed 83584K, reserved 1179648K
  class space    used 8949K, committed 9664K, reserved 1048576K
}
Event: 78.953 GC heap after
{Heap after GC invocations=362 (full 14):
 PSYoungGen      total 24576K, used 8682K [0x00000000eab00000, 0x00000000ecc80000, 0x0000000100000000)
  eden space 15872K, 0% used [0x00000000eab00000,0x00000000eab00000,0x00000000eba80000)
  from space 8704K, 99% used [0x00000000ebc00000,0x00000000ec47aba0,0x00000000ec480000)
  to   space 8192K, 0% used [0x00000000ec480000,0x00000000ec480000,0x00000000ecc80000)
 ParOldGen       total 284672K, used 265799K [0x00000000c0000000, 0x00000000d1600000, 0x00000000eab00000)
  object space 284672K, 93% used [0x00000000c0000000,0x00000000d0391f98,0x00000000d1600000)
 Metaspace       used 82059K, committed 83584K, reserved 1179648K
  class space    used 8949K, committed 9664K, reserved 1048576K
}
Event: 79.166 GC heap before
{Heap before GC invocations=363 (full 14):
 PSYoungGen      total 24576K, used 24554K [0x00000000eab00000, 0x00000000ecc80000, 0x0000000100000000)
  eden space 15872K, 100% used [0x00000000eab00000,0x00000000eba80000,0x00000000eba80000)
  from space 8704K, 99% used [0x00000000ebc00000,0x00000000ec47aba0,0x00000000ec480000)
  to   space 8192K, 0% used [0x00000000ec480000,0x00000000ec480000,0x00000000ecc80000)
 ParOldGen       total 284672K, used 265799K [0x00000000c0000000, 0x00000000d1600000, 0x00000000eab00000)
  object space 284672K, 93% used [0x00000000c0000000,0x00000000d0391f98,0x00000000d1600000)
 Metaspace       used 82232K, committed 83776K, reserved 1179648K
  class space    used 8960K, committed 9664K, reserved 1048576K
}
Event: 79.170 GC heap after
{Heap after GC invocations=363 (full 14):
 PSYoungGen      total 22528K, used 8191K [0x00000000eab00000, 0x00000000ed180000, 0x0000000100000000)
  eden space 14336K, 0% used [0x00000000eab00000,0x00000000eab00000,0x00000000eb900000)
  from space 8192K, 99% used [0x00000000ec480000,0x00000000ecc7fda0,0x00000000ecc80000)
  to   space 11776K, 0% used [0x00000000eb900000,0x00000000eb900000,0x00000000ec480000)
 ParOldGen       total 284672K, used 268783K [0x00000000c0000000, 0x00000000d1600000, 0x00000000eab00000)
  object space 284672K, 94% used [0x00000000c0000000,0x00000000d067bca0,0x00000000d1600000)
 Metaspace       used 82232K, committed 83776K, reserved 1179648K
  class space    used 8960K, committed 9664K, reserved 1048576K
}

