# JRE version: OpenJDK Runtime Environment Temurin-17.0.13+11 (17.0.13+11) (build 17.0.13+11)
# Java VM: OpenJDK 64-Bit Server VM Temurin-17.0.13+11 (17.0.13+11, mixed mode, tiered, compressed oops, compressed class ptrs, parallel gc, windows-amd64)
GC Precious Log:
 CPUs: 12 total, 12 available
 Memory: 16022M
 Large Page Support: Disabled
 NUMA Support: Disabled
 Compressed Oops: Enabled (32-bit)
 Alignments: Space 512K, Generation 512K, Heap 2M
 Heap Min Capacity: 100M
 Heap Initial Capacity: 100M
 Heap Max Capacity: 1G
 Pre-touch: Disabled
 Parallel Workers: 10
Heap:
 PSYoungGen      total 24064K, used 6987K [0x00000000eab00000, 0x00000000ec880000, 0x0000000100000000)
  eden space 22016K, 22% used [0x00000000eab00000,0x00000000eafd68e0,0x00000000ec080000)
  from space 2048K, 99% used [0x00000000ec100000,0x00000000ec2fc410,0x00000000ec300000)
  to   space 4096K, 0% used [0x00000000ec480000,0x00000000ec480000,0x00000000ec880000)
 ParOldGen       total 68608K, used 19842K [0x00000000c0000000, 0x00000000c4300000, 0x00000000eab00000)
  object space 68608K, 28% used [0x00000000c0000000,0x00000000c1360a48,0x00000000c4300000)
 Metaspace       used 42480K, committed 43584K, reserved 1114112K
  class space    used 4327K, committed 4864K, reserved 1048576K
GC Heap History (20 events):
Event: 2.047 GC heap before
{Heap before GC invocations=7 (full 1):
 PSYoungGen      total 29696K, used 25600K [0x00000000eab00000, 0x00000000ece00000, 0x0000000100000000)
  eden space 25600K, 100% used [0x00000000eab00000,0x00000000ec400000,0x00000000ec400000)
  from space 4096K, 0% used [0x00000000ec400000,0x00000000ec400000,0x00000000ec800000)
  to   space 5120K, 0% used [0x00000000ec900000,0x00000000ec900000,0x00000000ece00000)
 ParOldGen       total 68608K, used 10772K [0x00000000c0000000, 0x00000000c4300000, 0x00000000eab00000)
  object space 68608K, 15% used [0x00000000c0000000,0x00000000c0a85050,0x00000000c4300000)
 Metaspace       used 24989K, committed 25536K, reserved 1114112K
  class space    used 2546K, committed 2752K, reserved 1048576K
}
Event: 2.050 GC heap after
{Heap after GC invocations=7 (full 1):
 PSYoungGen      total 27136K, used 1731K [0x00000000eab00000, 0x00000000ecb00000, 0x0000000100000000)
  eden space 25088K, 0% used [0x00000000eab00000,0x00000000eab00000,0x00000000ec380000)
  from space 2048K, 84% used [0x00000000ec900000,0x00000000ecab0e70,0x00000000ecb00000)
  to   space 3072K, 0% used [0x00000000ec500000,0x00000000ec500000,0x00000000ec800000)
 ParOldGen       total 68608K, used 10780K [0x00000000c0000000, 0x00000000c4300000, 0x00000000eab00000)
  object space 68608K, 15% used [0x00000000c0000000,0x00000000c0a87050,0x00000000c4300000)
 Metaspace       used 24989K, committed 25536K, reserved 1114112K
  class space    used 2546K, committed 2752K, reserved 1048576K
}
Event: 2.260 GC heap before
{Heap before GC invocations=8 (full 1):
 PSYoungGen      total 27136K, used 26819K [0x00000000eab00000, 0x00000000ecb00000, 0x0000000100000000)
  eden space 25088K, 100% used [0x00000000eab00000,0x00000000ec380000,0x00000000ec380000)
  from space 2048K, 84% used [0x00000000ec900000,0x00000000ecab0e70,0x00000000ecb00000)
  to   space 3072K, 0% used [0x00000000ec500000,0x00000000ec500000,0x00000000ec800000)
 ParOldGen       total 68608K, used 10780K [0x00000000c0000000, 0x00000000c4300000, 0x00000000eab00000)
  object space 68608K, 15% used [0x00000000c0000000,0x00000000c0a87050,0x00000000c4300000)
 Metaspace       used 27622K, committed 28480K, reserved 1114112K
  class space    used 2868K, committed 3264K, reserved 1048576K
}
Event: 2.262 GC heap after
{Heap after GC invocations=8 (full 1):
 PSYoungGen      total 27648K, used 3071K [0x00000000eab00000, 0x00000000eca00000, 0x0000000100000000)
  eden space 24576K, 0% used [0x00000000eab00000,0x00000000eab00000,0x00000000ec300000)
  from space 3072K, 99% used [0x00000000ec500000,0x00000000ec7ffc88,0x00000000ec800000)
  to   space 2048K, 0% used [0x00000000ec800000,0x00000000ec800000,0x00000000eca00000)
 ParOldGen       total 68608K, used 10796K [0x00000000c0000000, 0x00000000c4300000, 0x00000000eab00000)
  object space 68608K, 15% used [0x00000000c0000000,0x00000000c0a8b050,0x00000000c4300000)
 Metaspace       used 27622K, committed 28480K, reserved 1114112K
  class space    used 2868K, committed 3264K, reserved 1048576K
}
Event: 2.406 GC heap before
{Heap before GC invocations=9 (full 1):
 PSYoungGen      total 27648K, used 27647K [0x00000000eab00000, 0x00000000eca00000, 0x0000000100000000)
  eden space 24576K, 100% used [0x00000000eab00000,0x00000000ec300000,0x00000000ec300000)
  from space 3072K, 99% used [0x00000000ec500000,0x00000000ec7ffc88,0x00000000ec800000)
  to   space 2048K, 0% used [0x00000000ec800000,0x00000000ec800000,0x00000000eca00000)
 ParOldGen       total 68608K, used 10796K [0x00000000c0000000, 0x00000000c4300000, 0x00000000eab00000)
  object space 68608K, 15% used [0x00000000c0000000,0x00000000c0a8b050,0x00000000c4300000)
 Metaspace       used 29679K, committed 30528K, reserved 1114112K
  class space    used 3070K, committed 3456K, reserved 1048576K
}
Event: 2.408 GC heap after
{Heap after GC invocations=9 (full 1):
 PSYoungGen      total 25088K, used 2042K [0x00000000eab00000, 0x00000000ecf80000, 0x0000000100000000)
  eden space 23040K, 0% used [0x00000000eab00000,0x00000000eab00000,0x00000000ec180000)
  from space 2048K, 99% used [0x00000000ec800000,0x00000000ec9febd8,0x00000000eca00000)
  to   space 6656K, 0% used [0x00000000ec180000,0x00000000ec180000,0x00000000ec800000)
 ParOldGen       total 68608K, used 14573K [0x00000000c0000000, 0x00000000c4300000, 0x00000000eab00000)
  object space 68608K, 21% used [0x00000000c0000000,0x00000000c0e3b6a8,0x00000000c4300000)
 Metaspace       used 29679K, committed 30528K, reserved 1114112K
  class space    used 3070K, committed 3456K, reserved 1048576K
}
Event: 2.525 GC heap before
{Heap before GC invocations=10 (full 1):
 PSYoungGen      total 25088K, used 25082K [0x00000000eab00000, 0x00000000ecf80000, 0x0000000100000000)
  eden space 23040K, 100% used [0x00000000eab00000,0x00000000ec180000,0x00000000ec180000)
  from space 2048K, 99% used [0x00000000ec800000,0x00000000ec9febd8,0x00000000eca00000)
  to   space 6656K, 0% used [0x00000000ec180000,0x00000000ec180000,0x00000000ec800000)
 ParOldGen       total 68608K, used 14573K [0x00000000c0000000, 0x00000000c4300000, 0x00000000eab00000)
  object space 68608K, 21% used [0x00000000c0000000,0x00000000c0e3b6a8,0x00000000c4300000)
 Metaspace       used 32909K, committed 33792K, reserved 1114112K
  class space    used 3308K, committed 3712K, reserved 1048576K
}
Event: 2.527 GC heap after
{Heap after GC invocations=10 (full 1):
 PSYoungGen      total 26112K, used 3467K [0x00000000eab00000, 0x00000000eca00000, 0x0000000100000000)
  eden space 22528K, 0% used [0x00000000eab00000,0x00000000eab00000,0x00000000ec100000)
  from space 3584K, 96% used [0x00000000ec180000,0x00000000ec4e2d70,0x00000000ec500000)
  to   space 4608K, 0% used [0x00000000ec580000,0x00000000ec580000,0x00000000eca00000)
 ParOldGen       total 68608K, used 15464K [0x00000000c0000000, 0x00000000c4300000, 0x00000000eab00000)
  object space 68608K, 22% used [0x00000000c0000000,0x00000000c0f1a3d8,0x00000000c4300000)
 Metaspace       used 32909K, committed 33792K, reserved 1114112K
  class space    used 3308K, committed 3712K, reserved 1048576K
}
Event: 2.623 GC heap before
{Heap before GC invocations=11 (full 1):
 PSYoungGen      total 26112K, used 25995K [0x00000000eab00000, 0x00000000eca00000, 0x0000000100000000)
  eden space 22528K, 100% used [0x00000000eab00000,0x00000000ec100000,0x00000000ec100000)
  from space 3584K, 96% used [0x00000000ec180000,0x00000000ec4e2d70,0x00000000ec500000)
  to   space 4608K, 0% used [0x00000000ec580000,0x00000000ec580000,0x00000000eca00000)
 ParOldGen       total 68608K, used 15464K [0x00000000c0000000, 0x00000000c4300000, 0x00000000eab00000)
  object space 68608K, 22% used [0x00000000c0000000,0x00000000c0f1a3d8,0x00000000c4300000)
 Metaspace       used 34414K, committed 35328K, reserved 1114112K
  class space    used 3405K, committed 3776K, reserved 1048576K
}
Event: 2.624 GC heap after
{Heap after GC invocations=11 (full 1):
 PSYoungGen      total 25088K, used 2580K [0x00000000eab00000, 0x00000000ec880000, 0x0000000100000000)
  eden space 22016K, 0% used [0x00000000eab00000,0x00000000eab00000,0x00000000ec080000)
  from space 3072K, 83% used [0x00000000ec580000,0x00000000ec805100,0x00000000ec880000)
  to   space 3072K, 0% used [0x00000000ec280000,0x00000000ec280000,0x00000000ec580000)
 ParOldGen       total 68608K, used 16173K [0x00000000c0000000, 0x00000000c4300000, 0x00000000eab00000)
  object space 68608K, 23% used [0x00000000c0000000,0x00000000c0fcb470,0x00000000c4300000)
 Metaspace       used 34414K, committed 35328K, reserved 1114112K
  class space    used 3405K, committed 3776K, reserved 1048576K
}
Event: 2.645 GC heap before
{Heap before GC invocations=12 (full 1):
 PSYoungGen      total 25088K, used 4738K [0x00000000eab00000, 0x00000000ec880000, 0x0000000100000000)
  eden space 22016K, 9% used [0x00000000eab00000,0x00000000ead1b730,0x00000000ec080000)
  from space 3072K, 83% used [0x00000000ec580000,0x00000000ec805100,0x00000000ec880000)
  to   space 3072K, 0% used [0x00000000ec280000,0x00000000ec280000,0x00000000ec580000)
 ParOldGen       total 68608K, used 16173K [0x00000000c0000000, 0x00000000c4300000, 0x00000000eab00000)
  object space 68608K, 23% used [0x00000000c0000000,0x00000000c0fcb470,0x00000000c4300000)
 Metaspace       used 34940K, committed 35840K, reserved 1114112K
  class space    used 3455K, committed 3840K, reserved 1048576K
}
Event: 2.647 GC heap after
{Heap after GC invocations=12 (full 1):
 PSYoungGen      total 22528K, used 384K [0x00000000eab00000, 0x00000000ec600000, 0x0000000100000000)
  eden space 22016K, 0% used [0x00000000eab00000,0x00000000eab00000,0x00000000ec080000)
  from space 512K, 75% used [0x00000000ec280000,0x00000000ec2e0000,0x00000000ec300000)
  to   space 1536K, 0% used [0x00000000ec480000,0x00000000ec480000,0x00000000ec600000)
 ParOldGen       total 68608K, used 18605K [0x00000000c0000000, 0x00000000c4300000, 0x00000000eab00000)
  object space 68608K, 27% used [0x00000000c0000000,0x00000000c122b510,0x00000000c4300000)
 Metaspace       used 34940K, committed 35840K, reserved 1114112K
  class space    used 3455K, committed 3840K, reserved 1048576K
}
Event: 2.647 GC heap before
{Heap before GC invocations=13 (full 2):
 PSYoungGen      total 22528K, used 384K [0x00000000eab00000, 0x00000000ec600000, 0x0000000100000000)
  eden space 22016K, 0% used [0x00000000eab00000,0x00000000eab00000,0x00000000ec080000)
  from space 512K, 75% used [0x00000000ec280000,0x00000000ec2e0000,0x00000000ec300000)
  to   space 1536K, 0% used [0x00000000ec480000,0x00000000ec480000,0x00000000ec600000)
 ParOldGen       total 68608K, used 18605K [0x00000000c0000000, 0x00000000c4300000, 0x00000000eab00000)
  object space 68608K, 27% used [0x00000000c0000000,0x00000000c122b510,0x00000000c4300000)
 Metaspace       used 34940K, committed 35840K, reserved 1114112K
  class space    used 3455K, committed 3840K, reserved 1048576K
}
Event: 2.664 GC heap after
{Heap after GC invocations=13 (full 2):
 PSYoungGen      total 22528K, used 0K [0x00000000eab00000, 0x00000000ec600000, 0x0000000100000000)
  eden space 22016K, 0% used [0x00000000eab00000,0x00000000eab00000,0x00000000ec080000)
  from space 512K, 0% used [0x00000000ec280000,0x00000000ec280000,0x00000000ec300000)
  to   space 1536K, 0% used [0x00000000ec480000,0x00000000ec480000,0x00000000ec600000)
 ParOldGen       total 68608K, used 15163K [0x00000000c0000000, 0x00000000c4300000, 0x00000000eab00000)
  object space 68608K, 22% used [0x00000000c0000000,0x00000000c0ecec60,0x00000000c4300000)
 Metaspace       used 34926K, committed 35840K, reserved 1114112K
  class space    used 3452K, committed 3840K, reserved 1048576K
}
Event: 2.831 GC heap before
{Heap before GC invocations=14 (full 2):
 PSYoungGen      total 22528K, used 22016K [0x00000000eab00000, 0x00000000ec600000, 0x0000000100000000)
  eden space 22016K, 100% used [0x00000000eab00000,0x00000000ec080000,0x00000000ec080000)
  from space 512K, 0% used [0x00000000ec280000,0x00000000ec280000,0x00000000ec300000)
  to   space 1536K, 0% used [0x00000000ec480000,0x00000000ec480000,0x00000000ec600000)
 ParOldGen       total 68608K, used 15163K [0x00000000c0000000, 0x00000000c4300000, 0x00000000eab00000)
  object space 68608K, 22% used [0x00000000c0000000,0x00000000c0ecec60,0x00000000c4300000)
 Metaspace       used 38201K, committed 39168K, reserved 1114112K
  class space    used 3804K, committed 4224K, reserved 1048576K
}
Event: 2.833 GC heap after
{Heap after GC invocations=14 (full 2):
 PSYoungGen      total 23552K, used 1505K [0x00000000eab00000, 0x00000000ec600000, 0x0000000100000000)
  eden space 22016K, 0% used [0x00000000eab00000,0x00000000eab00000,0x00000000ec080000)
  from space 1536K, 98% used [0x00000000ec480000,0x00000000ec5f8650,0x00000000ec600000)
  to   space 2560K, 0% used [0x00000000ec100000,0x00000000ec100000,0x00000000ec380000)
 ParOldGen       total 68608K, used 15443K [0x00000000c0000000, 0x00000000c4300000, 0x00000000eab00000)
  object space 68608K, 22% used [0x00000000c0000000,0x00000000c0f14c60,0x00000000c4300000)
 Metaspace       used 38201K, committed 39168K, reserved 1114112K
  class space    used 3804K, committed 4224K, reserved 1048576K
}
Event: 2.990 GC heap before
{Heap before GC invocations=15 (full 2):
 PSYoungGen      total 23552K, used 23521K [0x00000000eab00000, 0x00000000ec600000, 0x0000000100000000)
  eden space 22016K, 99% used [0x00000000eab00000,0x00000000ec07fff0,0x00000000ec080000)
  from space 1536K, 98% used [0x00000000ec480000,0x00000000ec5f8650,0x00000000ec600000)
  to   space 2560K, 0% used [0x00000000ec100000,0x00000000ec100000,0x00000000ec380000)
 ParOldGen       total 68608K, used 15443K [0x00000000c0000000, 0x00000000c4300000, 0x00000000eab00000)
  object space 68608K, 22% used [0x00000000c0000000,0x00000000c0f14c60,0x00000000c4300000)
 Metaspace       used 40421K, committed 41408K, reserved 1114112K
  class space    used 4075K, committed 4480K, reserved 1048576K
}
Event: 2.992 GC heap after
{Heap after GC invocations=15 (full 2):
 PSYoungGen      total 24064K, used 1622K [0x00000000eab00000, 0x00000000ec500000, 0x0000000100000000)
  eden space 22016K, 0% used [0x00000000eab00000,0x00000000eab00000,0x00000000ec080000)
  from space 2048K, 79% used [0x00000000ec100000,0x00000000ec295a80,0x00000000ec300000)
  to   space 2048K, 0% used [0x00000000ec300000,0x00000000ec300000,0x00000000ec500000)
 ParOldGen       total 68608K, used 16892K [0x00000000c0000000, 0x00000000c4300000, 0x00000000eab00000)
  object space 68608K, 24% used [0x00000000c0000000,0x00000000c107f0a8,0x00000000c4300000)
 Metaspace       used 40421K, committed 41408K, reserved 1114112K
  class space    used 4075K, committed 4480K, reserved 1048576K
}
Event: 3.056 GC heap before
{Heap before GC invocations=16 (full 2):
 PSYoungGen      total 24064K, used 23638K [0x00000000eab00000, 0x00000000ec500000, 0x0000000100000000)
  eden space 22016K, 100% used [0x00000000eab00000,0x00000000ec080000,0x00000000ec080000)
  from space 2048K, 79% used [0x00000000ec100000,0x00000000ec295a80,0x00000000ec300000)
  to   space 2048K, 0% used [0x00000000ec300000,0x00000000ec300000,0x00000000ec500000)
 ParOldGen       total 68608K, used 16892K [0x00000000c0000000, 0x00000000c4300000, 0x00000000eab00000)
  object space 68608K, 24% used [0x00000000c0000000,0x00000000c107f0a8,0x00000000c4300000)
 Metaspace       used 41753K, committed 42752K, reserved 1114112K
  class space    used 4246K, committed 4672K, reserved 1048576K
}
Event: 3.057 GC heap after
{Heap after GC invocations=16 (full 2):
 PSYoungGen      total 24064K, used 1880K [0x00000000eab00000, 0x00000000ec500000, 0x0000000100000000)
  eden space 22016K, 0% used [0x00000000eab00000,0x00000000eab00000,0x00000000ec080000)
  from space 2048K, 91% used [0x00000000ec300000,0x00000000ec4d6220,0x00000000ec500000)
  to   space 2048K, 0% used [0x00000000ec100000,0x00000000ec100000,0x00000000ec300000)
 ParOldGen       total 68608K, used 18258K [0x00000000c0000000, 0x00000000c4300000, 0x00000000eab00000)
  object space 68608K, 26% used [0x00000000c0000000,0x00000000c11d4a38,0x00000000c4300000)
 Metaspace       used 41753K, committed 42752K, reserved 1114112K
  class space    used 4246K, committed 4672K, reserved 1048576K
}

